TN:
SF:src/models/product.model.ts
FN:20,(anonymous_9)
FN:29,(anonymous_10)
FN:38,(anonymous_11)
FN:40,(anonymous_12)
FNF:4
FNH:4
FNDA:20,(anonymous_9)
FNDA:1,(anonymous_10)
FNDA:1,(anonymous_11)
FNDA:3,(anonymous_12)
DA:1,1
DA:3,1
DA:7,1
DA:20,1
DA:21,20
DA:22,20
DA:23,20
DA:25,0
DA:29,1
DA:30,1
DA:31,1
DA:32,1
DA:34,0
DA:38,1
DA:39,1
DA:40,3
DA:41,1
DA:43,0
DA:47,1
DA:49,1
LF:20
LH:17
BRF:0
BRH:0
end_of_record
TN:
SF:src/services/product.service.ts
FN:5,(anonymous_1)
FN:9,(anonymous_2)
FN:11,(anonymous_3)
FN:13,(anonymous_4)
FN:15,(anonymous_5)
FN:18,(anonymous_6)
FN:21,(anonymous_7)
FNF:7
FNH:7
FNDA:1,(anonymous_1)
FNDA:2,(anonymous_2)
FNDA:20,(anonymous_3)
FNDA:1,(anonymous_4)
FNDA:1,(anonymous_5)
FNDA:1,(anonymous_6)
FNDA:1,(anonymous_7)
DA:2,1
DA:5,1
DA:6,1
DA:9,2
DA:11,20
DA:13,1
DA:15,1
DA:16,1
DA:18,1
DA:19,1
DA:21,1
LF:11
LH:11
BRF:0
BRH:0
end_of_record
TN:
SF:src/validations/product.schema.ts
FNF:0
FNH:0
DA:1,1
DA:4,1
LF:2
LH:2
BRF:0
BRH:0
end_of_record
